<?xml version="1.0" encoding="UTF-8"?>
<!-- Generated by org.testng.reporters.JUnitXMLReporter -->
<testsuite ignored="0" hostname="NS092" failures="0" tests="3" name="Parallel Methods" time="2.212" errors="0" timestamp="2026-03-28T17:45:07 IST">
  <testcase classname="Test.ParallelExecution" name="testMethod2" time="2.025"/>
  <testcase classname="Test.ParallelExecution" name="testMethod3" time="2.028"/>
  <testcase classname="Test.ParallelExecution" name="testMethod1" time="2.037"/>
</testsuite> <!-- Parallel Methods -->
