<?xml version="1.0" encoding="UTF-8"?>
<testng-results ignored="0" total="1" passed="1" failed="0" skipped="0">
  <reporter-output>
  </reporter-output>
  <suite started-at="2026-04-02T13:09:06 IST" name="Default suite" finished-at="2026-04-02T13:09:18 IST" duration-ms="11478">
    <groups>
    </groups>
    <test started-at="2026-04-02T13:09:06 IST" name="Default test" finished-at="2026-04-02T13:09:18 IST" duration-ms="11478">
      <class name="demo.Xpath">
        <test-method is-config="true" signature="setup()[pri:0, instance:demo.Xpath@515c6049]" started-at="2026-04-02T13:09:07 IST" name="setup" finished-at="2026-04-02T13:09:15 IST" duration-ms="8240" status="PASS">
          <reporter-output>
          </reporter-output>
        </test-method> <!-- setup -->
        <test-method signature="loginTest()[pri:0, instance:demo.Xpath@515c6049]" started-at="2026-04-02T13:09:15 IST" name="loginTest" finished-at="2026-04-02T13:09:18 IST" duration-ms="2759" status="PASS">
          <reporter-output>
          </reporter-output>
        </test-method> <!-- loginTest -->
        <test-method is-config="true" signature="tearDown()[pri:0, instance:demo.Xpath@515c6049]" started-at="2026-04-02T13:09:18 IST" name="tearDown" finished-at="2026-04-02T13:09:18 IST" duration-ms="343" status="PASS">
          <reporter-output>
          </reporter-output>
        </test-method> <!-- tearDown -->
      </class> <!-- demo.Xpath -->
    </test> <!-- Default test -->
  </suite> <!-- Default suite -->
</testng-results>
