<?xml version="1.0" encoding="UTF-8"?>
<!-- Generated by org.testng.reporters.JUnitReportReporter -->
<testsuite hostname="NS092" failures="0" tests="4" name="Test.priority" time="0.032" errors="0" timestamp="2026-03-28T09:42:35 IST" skipped="0">
  <testcase classname="Test.priority" name="openBrowser" time="0.018"/>
  <testcase classname="Test.priority" name="loginTest" time="0.006"/>
  <testcase classname="Test.priority" name="dashboard" time="0.004"/>
  <testcase classname="Test.priority" name="logout" time="0.004"/>
</testsuite> <!-- Test.priority -->
