<?xml version="1.0" encoding="UTF-8"?>
<!-- Generated by org.testng.reporters.JUnitReportReporter -->
<testsuite hostname="NS092" failures="0" tests="3" name="Test.ParallelExecution" time="6.090" errors="0" timestamp="2026-03-28T17:45:08 IST" skipped="0">
  <testcase classname="Test.ParallelExecution" name="testMethod2" time="2.025"/>
  <testcase classname="Test.ParallelExecution" name="testMethod1" time="2.037"/>
  <testcase classname="Test.ParallelExecution" name="testMethod3" time="2.028"/>
</testsuite> <!-- Test.ParallelExecution -->
