<?xml version="1.0" encoding="UTF-8"?>
<!-- Generated by org.testng.reporters.JUnitReportReporter -->
<testsuite hostname="NS092" failures="0" tests="3" name="Test.DataProvider123" time="27.403" errors="0" timestamp="2026-03-28T17:51:24 IST" skipped="0">
  <testcase classname="Test.DataProvider123" name="loginTest" time="6.333"/>
  <testcase classname="Test.DataProvider123" name="loginTest" time="13.962"/>
  <testcase classname="Test.DataProvider123" name="loginTest" time="7.108"/>
</testsuite> <!-- Test.DataProvider123 -->
